"Severity","ThreadID","Date","Time","Application","Message"
"ERROR","web-0","03/20/2013","14:19:12","","invalid component definition, can't find org.corfield.framework
	at railo.runtime.component.ComponentLoader.load(ComponentLoader.java:272):272
	at railo.runtime.component.ComponentLoader.loadComponent(ComponentLoader.java:39):39
	at railo.runtime.ComponentImpl.init(ComponentImpl.java:356):356
	at application_cfc$cf.initComponent(/Users/hsalinas/Sites/railo/webapps/herson/Application.cfc):-1
	at application_cfc$cf.newInstance(/Users/hsalinas/Sites/railo/webapps/herson/Application.cfc):-1
	at railo.runtime.component.ComponentLoader.initComponent(ComponentLoader.java:534):534
	at railo.runtime.component.ComponentLoader.loadComponent(ComponentLoader.java:415):415
	at railo.runtime.component.ComponentLoader.loadComponent(ComponentLoader.java:346):346
	at railo.runtime.listener.ModernAppListener._onRequest(ModernAppListener.java:87):87
	at railo.runtime.listener.MixedAppListener.onRequest(MixedAppListener.java:18):18
	at railo.runtime.PageContextImpl.execute(PageContextImpl.java:2255):2255
	at railo.runtime.PageContextImpl.execute(PageContextImpl.java:2222):2222
	at railo.runtime.engine.CFMLEngineImpl.serviceCFML(CFMLEngineImpl.java:315):315
	at railo.loader.servlet.CFMLServlet.service(CFMLServlet.java:29):29
	at javax.servlet.http.HttpServlet.service(HttpServlet.java:848):848
	at org.eclipse.jetty.servlet.ServletHolder.handle(ServletHolder.java:669):669
	at org.eclipse.jetty.servlet.ServletHandler.doHandle(ServletHandler.java:457):457
	at org.eclipse.jetty.server.handler.ScopedHandler.handle(ScopedHandler.java:137):137
	at org.eclipse.jetty.security.SecurityHandler.handle(SecurityHandler.java:575):575
	at org.eclipse.jetty.server.session.SessionHandler.doHandle(SessionHandler.java:231):231
	at org.eclipse.jetty.server.handler.ContextHandler.doHandle(ContextHandler.java:1075):1075
	at org.eclipse.jetty.servlet.ServletHandler.doScope(ServletHandler.java:384):384
	at org.eclipse.jetty.server.session.SessionHandler.doScope(SessionHandler.java:193):193
	at org.eclipse.jetty.server.handler.ContextHandler.doScope(ContextHandler.java:1009):1009
	at org.eclipse.jetty.server.handler.ScopedHandler.handle(ScopedHandler.java:135):135
	at org.eclipse.jetty.server.Dispatcher.forward(Dispatcher.java:276):276
	at org.eclipse.jetty.server.Dispatcher.forward(Dispatcher.java:103):103
	at org.eclipse.jetty.servlet.DefaultServlet.doGet(DefaultServlet.java:566):566
	at javax.servlet.http.HttpServlet.service(HttpServlet.java:735):735
	at javax.servlet.http.HttpServlet.service(HttpServlet.java:848):848
	at org.eclipse.jetty.servlet.ServletHolder.handle(ServletHolder.java:669):669
	at org.eclipse.jetty.servlet.ServletHandler.doHandle(ServletHandler.java:457):457
	at org.eclipse.jetty.server.handler.ScopedHandler.handle(ScopedHandler.java:137):137
	at org.eclipse.jetty.security.SecurityHandler.handle(SecurityHandler.java:557):557
	at org.eclipse.jetty.server.session.SessionHandler.doHandle(SessionHandler.java:231):231
	at org.eclipse.jetty.server.handler.ContextHandler.doHandle(ContextHandler.java:1075):1075
	at org.eclipse.jetty.servlet.ServletHandler.doScope(ServletHandler.java:384):384
	at org.eclipse.jetty.server.session.SessionHandler.doScope(SessionHandler.java:193):193
	at org.eclipse.jetty.server.handler.ContextHandler.doScope(ContextHandler.java:1009):1009
	at org.eclipse.jetty.server.handler.ScopedHandler.handle(ScopedHandler.java:135):135
	at org.eclipse.jetty.server.handler.ContextHandlerCollection.handle(ContextHandlerCollection.java:224):224
	at org.eclipse.jetty.server.handler.HandlerCollection.handle(HandlerCollection.java:154):154
	at org.eclipse.jetty.server.handler.HandlerWrapper.handle(HandlerWrapper.java:116):116
	at org.eclipse.jetty.server.Server.handle(Server.java:368):368
	at org.eclipse.jetty.server.AbstractHttpConnection.handleRequest(AbstractHttpConnection.java:488):488
	at org.eclipse.jetty.server.AbstractHttpConnection.headerComplete(AbstractHttpConnection.java:932):932
	at org.eclipse.jetty.server.AbstractHttpConnection$RequestHandler.headerComplete(AbstractHttpConnection.java:994):994
	at org.eclipse.jetty.http.HttpParser.parseNext(HttpParser.java:640):640
	at org.eclipse.jetty.http.HttpParser.parseAvailable(HttpParser.java:235):235
	at org.eclipse.jetty.server.AsyncHttpConnection.handle(AsyncHttpConnection.java:82):82
	at org.eclipse.jetty.io.nio.SelectChannelEndPoint.handle(SelectChannelEndPoint.java:628):628
	at org.eclipse.jetty.io.nio.SelectChannelEndPoint$1.run(SelectChannelEndPoint.java:52):52
	at org.eclipse.jetty.util.thread.QueuedThreadPool.runJob(QueuedThreadPool.java:608):608
	at org.eclipse.jetty.util.thread.QueuedThreadPool$3.run(QueuedThreadPool.java:543):543
	at java.lang.Thread.run(Thread.java:680):680
"
"ERROR","web-0","03/20/2013","14:21:27","","invalid component definition, can't find org.corfield.framework
	at railo.runtime.component.ComponentLoader.load(ComponentLoader.java:272):272
	at railo.runtime.component.ComponentLoader.loadComponent(ComponentLoader.java:39):39
	at railo.runtime.ComponentImpl.init(ComponentImpl.java:356):356
	at application_cfc$cf.initComponent(/Users/hsalinas/Sites/railo/webapps/herson/Application.cfc):-1
	at application_cfc$cf.newInstance(/Users/hsalinas/Sites/railo/webapps/herson/Application.cfc):-1
	at railo.runtime.component.ComponentLoader.initComponent(ComponentLoader.java:534):534
	at railo.runtime.component.ComponentLoader.loadComponent(ComponentLoader.java:415):415
	at railo.runtime.component.ComponentLoader.loadComponent(ComponentLoader.java:346):346
	at railo.runtime.listener.ModernAppListener._onRequest(ModernAppListener.java:87):87
	at railo.runtime.listener.MixedAppListener.onRequest(MixedAppListener.java:18):18
	at railo.runtime.PageContextImpl.execute(PageContextImpl.java:2255):2255
	at railo.runtime.PageContextImpl.execute(PageContextImpl.java:2222):2222
	at railo.runtime.engine.CFMLEngineImpl.serviceCFML(CFMLEngineImpl.java:315):315
	at railo.loader.servlet.CFMLServlet.service(CFMLServlet.java:29):29
	at javax.servlet.http.HttpServlet.service(HttpServlet.java:848):848
	at org.eclipse.jetty.servlet.ServletHolder.handle(ServletHolder.java:669):669
	at org.eclipse.jetty.servlet.ServletHandler.doHandle(ServletHandler.java:457):457
	at org.eclipse.jetty.server.handler.ScopedHandler.handle(ScopedHandler.java:137):137
	at org.eclipse.jetty.security.SecurityHandler.handle(SecurityHandler.java:557):557
	at org.eclipse.jetty.server.session.SessionHandler.doHandle(SessionHandler.java:231):231
	at org.eclipse.jetty.server.handler.ContextHandler.doHandle(ContextHandler.java:1075):1075
	at org.eclipse.jetty.servlet.ServletHandler.doScope(ServletHandler.java:384):384
	at org.eclipse.jetty.server.session.SessionHandler.doScope(SessionHandler.java:193):193
	at org.eclipse.jetty.server.handler.ContextHandler.doScope(ContextHandler.java:1009):1009
	at org.eclipse.jetty.server.handler.ScopedHandler.handle(ScopedHandler.java:135):135
	at org.eclipse.jetty.server.handler.ContextHandlerCollection.handle(ContextHandlerCollection.java:224):224
	at org.eclipse.jetty.server.handler.HandlerCollection.handle(HandlerCollection.java:154):154
	at org.eclipse.jetty.server.handler.HandlerWrapper.handle(HandlerWrapper.java:116):116
	at org.eclipse.jetty.server.Server.handle(Server.java:368):368
	at org.eclipse.jetty.server.AbstractHttpConnection.handleRequest(AbstractHttpConnection.java:488):488
	at org.eclipse.jetty.server.AbstractHttpConnection.headerComplete(AbstractHttpConnection.java:932):932
	at org.eclipse.jetty.server.AbstractHttpConnection$RequestHandler.headerComplete(AbstractHttpConnection.java:994):994
	at org.eclipse.jetty.http.HttpParser.parseNext(HttpParser.java:640):640
	at org.eclipse.jetty.http.HttpParser.parseAvailable(HttpParser.java:235):235
	at org.eclipse.jetty.server.AsyncHttpConnection.handle(AsyncHttpConnection.java:82):82
	at org.eclipse.jetty.io.nio.SelectChannelEndPoint.handle(SelectChannelEndPoint.java:628):628
	at org.eclipse.jetty.io.nio.SelectChannelEndPoint$1.run(SelectChannelEndPoint.java:52):52
	at org.eclipse.jetty.util.thread.QueuedThreadPool.runJob(QueuedThreadPool.java:608):608
	at org.eclipse.jetty.util.thread.QueuedThreadPool$3.run(QueuedThreadPool.java:543):543
	at java.lang.Thread.run(Thread.java:680):680
"
"ERROR","web-0","03/20/2013","14:26:09","","invalid component definition, can't find org.corfield.framework
	at railo.runtime.component.ComponentLoader.load(ComponentLoader.java:272):272
	at railo.runtime.component.ComponentLoader.loadComponent(ComponentLoader.java:39):39
	at railo.runtime.ComponentImpl.init(ComponentImpl.java:356):356
	at application_cfc$cf.initComponent(/Users/hsalinas/Sites/railo/webapps/herson/Application.cfc):-1
	at application_cfc$cf.newInstance(/Users/hsalinas/Sites/railo/webapps/herson/Application.cfc):-1
	at railo.runtime.component.ComponentLoader.initComponent(ComponentLoader.java:534):534
	at railo.runtime.component.ComponentLoader.loadComponent(ComponentLoader.java:415):415
	at railo.runtime.component.ComponentLoader.loadComponent(ComponentLoader.java:346):346
	at railo.runtime.listener.ModernAppListener._onRequest(ModernAppListener.java:87):87
	at railo.runtime.listener.MixedAppListener.onRequest(MixedAppListener.java:18):18
	at railo.runtime.PageContextImpl.execute(PageContextImpl.java:2255):2255
	at railo.runtime.PageContextImpl.execute(PageContextImpl.java:2222):2222
	at railo.runtime.engine.CFMLEngineImpl.serviceCFML(CFMLEngineImpl.java:315):315
	at railo.loader.servlet.CFMLServlet.service(CFMLServlet.java:29):29
	at javax.servlet.http.HttpServlet.service(HttpServlet.java:848):848
	at org.eclipse.jetty.servlet.ServletHolder.handle(ServletHolder.java:669):669
	at org.eclipse.jetty.servlet.ServletHandler.doHandle(ServletHandler.java:457):457
	at org.eclipse.jetty.server.handler.ScopedHandler.handle(ScopedHandler.java:137):137
	at org.eclipse.jetty.security.SecurityHandler.handle(SecurityHandler.java:557):557
	at org.eclipse.jetty.server.session.SessionHandler.doHandle(SessionHandler.java:231):231
	at org.eclipse.jetty.server.handler.ContextHandler.doHandle(ContextHandler.java:1075):1075
	at org.eclipse.jetty.servlet.ServletHandler.doScope(ServletHandler.java:384):384
	at org.eclipse.jetty.server.session.SessionHandler.doScope(SessionHandler.java:193):193
	at org.eclipse.jetty.server.handler.ContextHandler.doScope(ContextHandler.java:1009):1009
	at org.eclipse.jetty.server.handler.ScopedHandler.handle(ScopedHandler.java:135):135
	at org.eclipse.jetty.server.handler.ContextHandlerCollection.handle(ContextHandlerCollection.java:224):224
	at org.eclipse.jetty.server.handler.HandlerCollection.handle(HandlerCollection.java:154):154
	at org.eclipse.jetty.server.handler.HandlerWrapper.handle(HandlerWrapper.java:116):116
	at org.eclipse.jetty.server.Server.handle(Server.java:368):368
	at org.eclipse.jetty.server.AbstractHttpConnection.handleRequest(AbstractHttpConnection.java:488):488
	at org.eclipse.jetty.server.AbstractHttpConnection.headerComplete(AbstractHttpConnection.java:932):932
	at org.eclipse.jetty.server.AbstractHttpConnection$RequestHandler.headerComplete(AbstractHttpConnection.java:994):994
	at org.eclipse.jetty.http.HttpParser.parseNext(HttpParser.java:640):640
	at org.eclipse.jetty.http.HttpParser.parseAvailable(HttpParser.java:235):235
	at org.eclipse.jetty.server.AsyncHttpConnection.handle(AsyncHttpConnection.java:82):82
	at org.eclipse.jetty.io.nio.SelectChannelEndPoint.handle(SelectChannelEndPoint.java:628):628
	at org.eclipse.jetty.io.nio.SelectChannelEndPoint$1.run(SelectChannelEndPoint.java:52):52
	at org.eclipse.jetty.util.thread.QueuedThreadPool.runJob(QueuedThreadPool.java:608):608
	at org.eclipse.jetty.util.thread.QueuedThreadPool$3.run(QueuedThreadPool.java:543):543
	at java.lang.Thread.run(Thread.java:680):680
"
"ERROR","web-0","03/20/2013","14:29:28","","invalid component definition, can't find org.corfield.framework
	at railo.runtime.component.ComponentLoader.load(ComponentLoader.java:272):272
	at railo.runtime.component.ComponentLoader.loadComponent(ComponentLoader.java:39):39
	at railo.runtime.ComponentImpl.init(ComponentImpl.java:356):356
	at application_cfc$cf.initComponent(/Users/hsalinas/Sites/railo/webapps/herson/Application.cfc):-1
	at application_cfc$cf.newInstance(/Users/hsalinas/Sites/railo/webapps/herson/Application.cfc):-1
	at railo.runtime.component.ComponentLoader.initComponent(ComponentLoader.java:534):534
	at railo.runtime.component.ComponentLoader.loadComponent(ComponentLoader.java:415):415
	at railo.runtime.component.ComponentLoader.loadComponent(ComponentLoader.java:346):346
	at railo.runtime.listener.ModernAppListener._onRequest(ModernAppListener.java:87):87
	at railo.runtime.listener.MixedAppListener.onRequest(MixedAppListener.java:18):18
	at railo.runtime.PageContextImpl.execute(PageContextImpl.java:2255):2255
	at railo.runtime.PageContextImpl.execute(PageContextImpl.java:2222):2222
	at railo.runtime.engine.CFMLEngineImpl.serviceCFML(CFMLEngineImpl.java:315):315
	at railo.loader.servlet.CFMLServlet.service(CFMLServlet.java:29):29
	at javax.servlet.http.HttpServlet.service(HttpServlet.java:848):848
	at org.eclipse.jetty.servlet.ServletHolder.handle(ServletHolder.java:669):669
	at org.eclipse.jetty.servlet.ServletHandler.doHandle(ServletHandler.java:457):457
	at org.eclipse.jetty.server.handler.ScopedHandler.handle(ScopedHandler.java:137):137
	at org.eclipse.jetty.security.SecurityHandler.handle(SecurityHandler.java:557):557
	at org.eclipse.jetty.server.session.SessionHandler.doHandle(SessionHandler.java:231):231
	at org.eclipse.jetty.server.handler.ContextHandler.doHandle(ContextHandler.java:1075):1075
	at org.eclipse.jetty.servlet.ServletHandler.doScope(ServletHandler.java:384):384
	at org.eclipse.jetty.server.session.SessionHandler.doScope(SessionHandler.java:193):193
	at org.eclipse.jetty.server.handler.ContextHandler.doScope(ContextHandler.java:1009):1009
	at org.eclipse.jetty.server.handler.ScopedHandler.handle(ScopedHandler.java:135):135
	at org.eclipse.jetty.server.handler.ContextHandlerCollection.handle(ContextHandlerCollection.java:224):224
	at org.eclipse.jetty.server.handler.HandlerCollection.handle(HandlerCollection.java:154):154
	at org.eclipse.jetty.server.handler.HandlerWrapper.handle(HandlerWrapper.java:116):116
	at org.eclipse.jetty.server.Server.handle(Server.java:368):368
	at org.eclipse.jetty.server.AbstractHttpConnection.handleRequest(AbstractHttpConnection.java:488):488
	at org.eclipse.jetty.server.AbstractHttpConnection.headerComplete(AbstractHttpConnection.java:932):932
	at org.eclipse.jetty.server.AbstractHttpConnection$RequestHandler.headerComplete(AbstractHttpConnection.java:994):994
	at org.eclipse.jetty.http.HttpParser.parseNext(HttpParser.java:640):640
	at org.eclipse.jetty.http.HttpParser.parseAvailable(HttpParser.java:235):235
	at org.eclipse.jetty.server.AsyncHttpConnection.handle(AsyncHttpConnection.java:82):82
	at org.eclipse.jetty.io.nio.SelectChannelEndPoint.handle(SelectChannelEndPoint.java:628):628
	at org.eclipse.jetty.io.nio.SelectChannelEndPoint$1.run(SelectChannelEndPoint.java:52):52
	at org.eclipse.jetty.util.thread.QueuedThreadPool.runJob(QueuedThreadPool.java:608):608
	at org.eclipse.jetty.util.thread.QueuedThreadPool$3.run(QueuedThreadPool.java:543):543
	at java.lang.Thread.run(Thread.java:680):680
"
